[debug] [2021-08-30T19:27:38.943Z] ----------------------------------------------------------------------
[debug] [2021-08-30T19:27:38.945Z] Command:       /usr/local/bin/node /usr/local/bin/firebase init
[debug] [2021-08-30T19:27:38.945Z] CLI Version:   9.16.6
[debug] [2021-08-30T19:27:38.945Z] Platform:      darwin
[debug] [2021-08-30T19:27:38.945Z] Node Version:  v14.17.3
[debug] [2021-08-30T19:27:38.946Z] Time:          Mon Aug 30 2021 15:27:38 GMT-0400 (Eastern Daylight Time)
[debug] [2021-08-30T19:27:38.947Z] ----------------------------------------------------------------------
[debug] 
[debug] [2021-08-30T19:27:38.989Z] > command requires scopes: ["email","openid","https://www.googleapis.com/auth/cloudplatformprojects.readonly","https://www.googleapis.com/auth/firebase","https://www.googleapis.com/auth/cloud-platform"]
[debug] [2021-08-30T19:27:38.990Z] > authorizing via signed-in user (robgrac94@gmail.com)
[info] 
     ######## #### ########  ######## ########     ###     ######  ########
     ##        ##  ##     ## ##       ##     ##  ##   ##  ##       ##
     ######    ##  ########  ######   ########  #########  ######  ######
     ##        ##  ##    ##  ##       ##     ## ##     ##       ## ##
     ##       #### ##     ## ######## ########  ##     ##  ######  ########

You're about to initialize a Firebase project in this directory:

  /Users/robertgraczyk/Desktop/Projects/portfolio-website

Before we get started, keep in mind:

  * You are initializing within an existing Firebase project directory

